[16312:14828:2021-8-19 18:45:19.938] Main Start
[16312:14828:2021-8-19 18:45:19.938] Command line:"D:\Papprica\TypeRunner\Assets\Art\2D\GUI Mobile Hyper-Casual\Sprites\Items PSD + PNG\Coins\Coin\scoped_dir1696_1710282044\Zoom_cm_fo42mnktZ9vvrZo4_mgEP3KqJNWWhyZFns9c40u+ZTlzIPW3ngZrs@rAIWH6cY+MZit8zy_ke0c4daba7191f22f_.exe"  Instance:0x450000 Show State:1
[16312:14828:2021-8-19 18:45:19.985] D:\
[16312:9296:2021-8-19 18:45:19.987] [process_requst] start, url:https://us05web.zoom.us/conf/launch
[16312:9296:2021-8-19 18:45:20.595] [req_state_read_status_code] zHttpQueryInfo complete, status:200
[16312:9296:2021-8-19 18:45:20.595] [req_state_read_status_code] zHttpQueryInfo complete, status:200 Error: 0
[16312:9296:2021-8-19 18:45:20.597] [log_response_content] Content length (1048576 as unknown):1647 , Total read: 1647 , Error No: 0 , Status code: 200
[16312:9296:2021-8-19 18:45:20.597] [log_response_content] header:
[16312:9296:2021-8-19 18:45:20.597] HTTP/1.1 200 
Date: Thu, 19 Aug 2021 15:45:19 GMT
Content-Type: text/plain;charset=utf-8
Content-Length: 1647
Connection: keep-alive
x-zm-trackingid: v=2.0;clid=us05;rid=WEB_e7174faca58e7f79244c52e47058cbcf
X-Content-Type-Options: nosniff
Content-Security-Policy: upgrade-insecure-requests; default-src https://*.zoom.us https://zoom.us blob: 'self'; img-src https: about: blob: data: 'self'; style-src https: safari-extension: chrome-extension: 'unsafe-inline' data: 'self'; font-src https: safari-extension: chrome-extension: blob: data: 'self'; connect-src * about: blob: data: 'self'; media-src * rtmp: blob: data: 'self'; frame-src https: ms-appx-web: zoommtg: zoomus: wvjbscheme: data: 'self'; object-src 'none'; base-uri 'none';
X-FRAME-OPTIONS: SAMEORIGIN
Set-Cookie: zm_aid=""; Domain=.zoom.us; Expires=Thu, 01-Jan-1970 00:00:10 GMT; Path=/; Secure; HttpOnly
Set-Cookie: zm_haid=""; Domain=.zoom.us; Expires=Thu, 01-Jan-1970 00:00:10 GMT; Path=/; Secure; HttpOnly
Set-Cookie: zm_tmaid=""; Domain=.zoom.us; Expires=Thu, 01-Jan-1970 00:00:10 GMT; Path=/; Secure; HttpOnly
Set-Cookie: zm_htmaid=""; Domain=.zoom.us; Expires=Thu, 01-Jan-1970 00:00:10 GMT; Path=/; Secure; HttpOnly
Set-Cookie: web_zak=""; Domain=.zoom.us; Expires=Thu, 01-Jan-1970 00:00:10 GMT; Path=/; Secure; HttpOnly
Set-Cookie: cred=49A8815CAD1F4FF5303E96503AC05C27; Path=/; Secure; HttpOnly
Set-Cookie: _zm_page_auth=us05_c_s_R21j2gRcqaQWO1-Axkow; Domain=.zoom.us; Path=/; Secure; HttpOnly
p3p: CP="NOI ADM DEV PSAi COM NAV OUR OTR STP IND DEM"
Set-Cookie: _zm_ssid=us05_c_NDBKVzCmRt2c6Bh-0dez_w; Domain=.zoom.us; Path=/; Secure; HttpOnly
Set-Cookie: _zm_ctaid=-ZFqaxOhTzKQuAbi-KoQPA.1629387919767.7235fc0653129f7c217f6872eb77a80e; Domain=.zoom.us; Expires=Thu, 19-Aug-2021 17:45:19 GMT; Path=/; Secure; HttpOnly
Set-Cookie: _zm_chtaid=648; Domain=.zoom.us; Expires=Thu, 19-Aug-2021 17:45:19 GMT; Path=/; Secure; HttpOnly
Strict-Transport-Security: max-age=31536000; includeSubDomains
X-XSS-Protection: 1; mode=block
Referrer-Policy: strict-origin-when-cross-origin


[16312:9296:2021-8-19 18:45:20.597] [process_requst] End for url:https://us05web.zoom.us/conf/launch, return code:200, Error:0, Response content size:1647
[16312:14828:2021-8-19 18:45:20.610] [imp_has_zoom_under_path] found zoom binaries under: 
[16312:14828:2021-8-19 18:45:20.610] C:\Users\MashaVanya\AppData\Roaming\Zoom\bin\Zoom.exe
[16312:14828:2021-8-19 18:45:20.610] [client_has_installed_app] found path:
[16312:14828:2021-8-19 18:45:20.610] C:\Users\MashaVanya\AppData\Roaming\Zoom\bin\Zoom.exe
[16312:14828:2021-8-19 18:45:20.611] [imp_has_zoom_under_path] found zoom binaries under: 
[16312:14828:2021-8-19 18:45:20.611] C:\Users\MashaVanya\AppData\Roaming\Zoom\bin\Zoom.exe
[16312:14828:2021-8-19 18:45:20.611] [client_has_installed_app] found path:
[16312:14828:2021-8-19 18:45:20.611] C:\Users\MashaVanya\AppData\Roaming\Zoom\bin\Zoom.exe
[16312:14828:2021-8-19 18:45:20.611] C:\Users\MashaVanya\AppData\Roaming\Zoom\bin\Zoom.exe
[16312:14828:2021-8-19 18:45:20.638] client_launch_app: 
[16312:14828:2021-8-19 18:45:20.638] C:\Users\MashaVanya\AppData\Roaming\Zoom\bin\Zoom.exe
[16312:14828:2021-8-19 18:45:20.638] "--url=zoommtg://win.launch?h.domain=us05web.zoom.us&h.path=join&confid=dXNzPXRaNVU1MGUxNUhKTUxoRzgwbEQ1UGhFT1FOZlhGUlVUVlVCNS1pZHJvMVlzSWRFMm9xU2RvOVJRY3NENjB2S3VLZDlmZENfdjBTVVk1LXlZWFpJUkRaZUU0Y2ZldndKSm1OOC5QZkt4TFhqcHl2cGJTaklmJnRpZD1kYTE4MGZmMWZiYTY0MDY1YWMwM2UzMDU4ODMyYjc1NQ%3D%3D&mcv=0.92.11227.0929&stype=0&zc=0&browser=opera&action=join&confno=8822159053&pwd=SzM3b2VJU1M2bVEyMUMvNm9DcDBrdz09"
[16312:14828:2021-8-19 18:45:20.723] [client_launch_app] Zoom app process created, result:42
[16312:14828:2021-8-19 18:45:20.769] Main End
